<?xml version="1.0" encoding="UTF-8"?>
<!-- Generated by org.testng.reporters.JUnitXMLReporter -->
<testsuite hostname="LAPTOP-VT80RB39" ignored="0" name="Test" tests="3" failures="3" timestamp="2020-04-15T16:30:00 IST" time="38.392" errors="0">
  <testcase name="HomePageTest" time="0.026" classname="TestNgTakingScrenShot.TestNgTakingScrenShot.ScreenShotTest">
    <failure type="java.lang.AssertionError" message="expected [true] but found [false]">
      <![CDATA[java.lang.AssertionError: expected [true] but found [false]
at TestNgTakingScrenShot.TestNgTakingScrenShot.ScreenShotTest.HomePageTest(ScreenShotTest.java:34)
at java.util.ArrayList.forEach(ArrayList.java:1257)
... Removed 32 stack frames]]>
    </failure>
  </testcase> <!-- HomePageTest -->
  <testcase name="createDealsTest" time="0.001" classname="TestNgTakingScrenShot.TestNgTakingScrenShot.ScreenShotTest">
    <failure type="java.lang.AssertionError" message="expected [true] but found [false]">
      <![CDATA[java.lang.AssertionError: expected [true] but found [false]
at TestNgTakingScrenShot.TestNgTakingScrenShot.ScreenShotTest.createDealsTest(ScreenShotTest.java:29)
at java.util.ArrayList.forEach(ArrayList.java:1257)
... Removed 32 stack frames]]>
    </failure>
  </testcase> <!-- createDealsTest -->
  <testcase name="loginTest" time="0.001" classname="TestNgTakingScrenShot.TestNgTakingScrenShot.ScreenShotTest">
    <failure type="java.lang.AssertionError" message="expected [true] but found [false]">
      <![CDATA[java.lang.AssertionError: expected [true] but found [false]
at TestNgTakingScrenShot.TestNgTakingScrenShot.ScreenShotTest.loginTest(ScreenShotTest.java:24)
at java.util.ArrayList.forEach(ArrayList.java:1257)
... Removed 32 stack frames]]>
    </failure>
  </testcase> <!-- loginTest -->
</testsuite> <!-- Test -->
